"C:\Program Files\JetBrains\CLion 2021.2.1\bin\cmake\win\bin\cmake.exe" -DCMAKE_BUILD_TYPE=Debug -DCMAKE_DEPENDS_USE_COMPILER=FALSE -G "CodeBlocks - MinGW Makefiles" C:\Users\nabee\Desktop\lab_4th\Theory-of-Computation-Lab\Lab2
-- The C compiler identification is unknown
-- The CXX compiler identification is unknown
-- Detecting C compiler ABI info
-- Detecting C compiler ABI info - failed
-- Check for working C compiler: C:/MinGW/bin/gcc.exe
-- Check for working C compiler: C:/MinGW/bin/gcc.exe - broken
CMake Error at C:/Program Files/JetBrains/CLion 2021.2.1/bin/cmake/win/share/cmake-3.20/Modules/CMakeTestCCompiler.cmake:66 (message):
  The C compiler

    "C:/MinGW/bin/gcc.exe"

  is not able to compile a simple test program.

  It fails with the following output:

    Change Dir: C:/Users/nabee/Desktop/lab_4th/Theory-of-Computation-Lab/Lab2/cmake-build-debug/CMakeFiles/CMakeTmp
    
    Run Build Command(s):C:/MinGW/bin/mingw32-make.exe -f Makefile cmTC_03193/fast && C:/MinGW/bin/mingw32-make.exe  -f CMakeFiles\cmTC_03193.dir\build.make CMakeFiles/cmTC_03193.dir/build
    mingw32-make.exe[1]: Entering directory 'C:/Users/nabee/Desktop/lab_4th/Theory-of-Computation-Lab/Lab2/cmake-build-debug/CMakeFiles/CMakeTmp'
    Building C object CMakeFiles/cmTC_03193.dir/testCCompiler.c.obj
    C:\MinGW\bin\gcc.exe    -o CMakeFiles\cmTC_03193.dir\testCCompiler.c.obj -c C:\Users\nabee\Desktop\lab_4th\Theory-of-Computation-Lab\Lab2\cmake-build-debug\CMakeFiles\CMakeTmp\testCCompiler.c
    gcc.exe: error: CreateProcess: No such file or directory
    CMakeFiles\cmTC_03193.dir\build.make:76: recipe for target 'CMakeFiles/cmTC_03193.dir/testCCompiler.c.obj' failed
    mingw32-make.exe[1]: *** [CMakeFiles/cmTC_03193.dir/testCCompiler.c.obj] Error 1
    mingw32-make.exe[1]: Leaving directory 'C:/Users/nabee/Desktop/lab_4th/Theory-of-Computation-Lab/Lab2/cmake-build-debug/CMakeFiles/CMakeTmp'
    Makefile:126: recipe for target 'cmTC_03193/fast' failed
    mingw32-make.exe: *** [cmTC_03193/fast] Error 2
    
    

  

  CMake will not be able to correctly generate this project.
Call Stack (most recent call first):
  CMakeLists.txt:2 (project)


-- Configuring incomplete, errors occurred!
See also "C:/Users/nabee/Desktop/lab_4th/Theory-of-Computation-Lab/Lab2/cmake-build-debug/CMakeFiles/CMakeOutput.log".
See also "C:/Users/nabee/Desktop/lab_4th/Theory-of-Computation-Lab/Lab2/cmake-build-debug/CMakeFiles/CMakeError.log".
